04-May-2021 15:19:09.494 정보 [main] org.apache.catalina.startup.VersionLoggerListener.log 서버 버전 이름:    Apache Tomcat/9.0.45
04-May-2021 15:19:09.505 정보 [main] org.apache.catalina.startup.VersionLoggerListener.log Server 빌드 시각:  Mar 30 2021 10:29:04 UTC
04-May-2021 15:19:09.506 정보 [main] org.apache.catalina.startup.VersionLoggerListener.log Server 버전 번호:  9.0.45.0
04-May-2021 15:19:09.506 정보 [main] org.apache.catalina.startup.VersionLoggerListener.log 운영체제 이름:     Windows 10
04-May-2021 15:19:09.506 정보 [main] org.apache.catalina.startup.VersionLoggerListener.log 운영체제 버전:     10.0
04-May-2021 15:19:09.506 정보 [main] org.apache.catalina.startup.VersionLoggerListener.log 아키텍처:          amd64
04-May-2021 15:19:09.507 정보 [main] org.apache.catalina.startup.VersionLoggerListener.log 자바 홈:           C:\Program Files\Java\jdk1.8.0_281\jre
04-May-2021 15:19:09.507 정보 [main] org.apache.catalina.startup.VersionLoggerListener.log JVM 버전:          1.8.0_281-b09
04-May-2021 15:19:09.507 정보 [main] org.apache.catalina.startup.VersionLoggerListener.log JVM 벤더:          Oracle Corporation
04-May-2021 15:19:09.507 정보 [main] org.apache.catalina.startup.VersionLoggerListener.log CATALINA_BASE:     D:\KSW\koreaITSelf\ajax\ajaxapache
04-May-2021 15:19:09.507 정보 [main] org.apache.catalina.startup.VersionLoggerListener.log CATALINA_HOME:     D:\KSW\koreaITSelf\ajax\ajaxapache
04-May-2021 15:19:09.508 정보 [main] org.apache.catalina.startup.VersionLoggerListener.log 명령 행 아규먼트:  -Djava.util.logging.config.file=D:\KSW\koreaITSelf\ajax\ajaxapache\conf\logging.properties
04-May-2021 15:19:09.509 정보 [main] org.apache.catalina.startup.VersionLoggerListener.log 명령 행 아규먼트:  -Djava.util.logging.manager=org.apache.juli.ClassLoaderLogManager
04-May-2021 15:19:09.509 정보 [main] org.apache.catalina.startup.VersionLoggerListener.log 명령 행 아규먼트:  -Djdk.tls.ephemeralDHKeySize=2048
04-May-2021 15:19:09.510 정보 [main] org.apache.catalina.startup.VersionLoggerListener.log 명령 행 아규먼트:  -Djava.protocol.handler.pkgs=org.apache.catalina.webresources
04-May-2021 15:19:09.512 정보 [main] org.apache.catalina.startup.VersionLoggerListener.log 명령 행 아규먼트:  -Dignore.endorsed.dirs=
04-May-2021 15:19:09.513 정보 [main] org.apache.catalina.startup.VersionLoggerListener.log 명령 행 아규먼트:  -Dcatalina.base=D:\KSW\koreaITSelf\ajax\ajaxapache
04-May-2021 15:19:09.515 정보 [main] org.apache.catalina.startup.VersionLoggerListener.log 명령 행 아규먼트:  -Dcatalina.home=D:\KSW\koreaITSelf\ajax\ajaxapache
04-May-2021 15:19:09.515 정보 [main] org.apache.catalina.startup.VersionLoggerListener.log 명령 행 아규먼트:  -Djava.io.tmpdir=D:\KSW\koreaITSelf\ajax\ajaxapache\temp
04-May-2021 15:19:09.519 정보 [main] org.apache.catalina.core.AprLifecycleListener.lifecycleEvent 프로덕션 환경들에서 최적의 성능을 제공하는, APR 기반 Apache Tomcat Native 라이브러리가, 다음 java.library.path에서 발견되지 않습니다: [C:\Program Files\Java\jdk1.8.0_281\bin;C:\WINDOWS\Sun\Java\bin;C:\WINDOWS\system32;C:\WINDOWS;C:\Program Files\AdoptOpenJDK\jdk-11.0.10.9-hotspot\bin;C:\Program Files\Java\jdk1.8.0_281\bin;C:\Program Files (x86)\Common Files\Oracle\Java\javapath;C:\WINDOWS\system32;C:\WINDOWS;C:\WINDOWS\System32\Wbem;C:\WINDOWS\System32\WindowsPowerShell\v1.0\;C:\WINDOWS\System32\OpenSSH\;C:\Program Files\dotnet\;C:\Program Files\Git\cmd;C:\Program Files\MariaDB\MariaDB Connector C 64-bit\lib\;C:\Program Files\MariaDB\MariaDB Connector C 64-bit\lib\plugin\;C:\Users\Administrator\AppData\Local\Programs\Python\Python38-32\Scripts\;C:\Users\Administrator\AppData\Local\Programs\Python\Python38-32\;C:\Users\Administrator\AppData\Local\Programs\Python\Python39\Scripts\;C:\Users\Administrator\AppData\Local\Programs\Python\Python39\;C:\Users\Administrator\AppData\Local\Microsoft\WindowsApps;C:\Users\Administrator\.dotnet\tools;C:\Program Files\Bandizip\;C:\Users\Administrator\AppData\Local\Programs\Microsoft VS Code\bin;C:\Program Files\MariaDB 10.5\bin;;.]
04-May-2021 15:19:09.877 정보 [main] org.apache.coyote.AbstractProtocol.init 프로토콜 핸들러 ["http-nio-8080"]을(를) 초기화합니다.
04-May-2021 15:19:09.976 정보 [main] org.apache.catalina.startup.Catalina.load [665] 밀리초 내에 서버가 초기화되었습니다.
04-May-2021 15:19:10.004 정보 [main] org.apache.catalina.core.StandardService.startInternal 서비스 [Catalina]을(를) 시작합니다.
04-May-2021 15:19:10.006 정보 [main] org.apache.catalina.core.StandardEngine.startInternal 서버 엔진을 시작합니다: [Apache Tomcat/9.0.45]
04-May-2021 15:19:10.012 정보 [main] org.apache.catalina.startup.HostConfig.deployDirectory 웹 애플리케이션 디렉토리 [D:\KSW\koreaITSelf\ajax\ajaxapache\webapps\ajax]을(를) 배치합니다.
04-May-2021 15:19:10.184 정보 [main] org.apache.catalina.startup.HostConfig.deployDirectory 웹 애플리케이션 디렉토리 [D:\KSW\koreaITSelf\ajax\ajaxapache\webapps\ajax]에 대한 배치가 [171] 밀리초에 완료되었습니다.
04-May-2021 15:19:10.188 정보 [main] org.apache.catalina.startup.HostConfig.deployDirectory 웹 애플리케이션 디렉토리 [D:\KSW\koreaITSelf\ajax\ajaxapache\webapps\docs]을(를) 배치합니다.
04-May-2021 15:19:10.202 정보 [main] org.apache.catalina.startup.HostConfig.deployDirectory 웹 애플리케이션 디렉토리 [D:\KSW\koreaITSelf\ajax\ajaxapache\webapps\docs]에 대한 배치가 [14] 밀리초에 완료되었습니다.
04-May-2021 15:19:10.211 정보 [main] org.apache.catalina.startup.HostConfig.deployDirectory 웹 애플리케이션 디렉토리 [D:\KSW\koreaITSelf\ajax\ajaxapache\webapps\examples]을(를) 배치합니다.
04-May-2021 15:19:10.554 정보 [main] org.apache.catalina.startup.HostConfig.deployDirectory 웹 애플리케이션 디렉토리 [D:\KSW\koreaITSelf\ajax\ajaxapache\webapps\examples]에 대한 배치가 [343] 밀리초에 완료되었습니다.
04-May-2021 15:19:10.556 정보 [main] org.apache.catalina.startup.HostConfig.deployDirectory 웹 애플리케이션 디렉토리 [D:\KSW\koreaITSelf\ajax\ajaxapache\webapps\host-manager]을(를) 배치합니다.
04-May-2021 15:19:10.575 정보 [main] org.apache.catalina.startup.HostConfig.deployDirectory 웹 애플리케이션 디렉토리 [D:\KSW\koreaITSelf\ajax\ajaxapache\webapps\host-manager]에 대한 배치가 [18] 밀리초에 완료되었습니다.
04-May-2021 15:19:10.575 정보 [main] org.apache.catalina.startup.HostConfig.deployDirectory 웹 애플리케이션 디렉토리 [D:\KSW\koreaITSelf\ajax\ajaxapache\webapps\manager]을(를) 배치합니다.
04-May-2021 15:19:10.592 정보 [main] org.apache.catalina.startup.HostConfig.deployDirectory 웹 애플리케이션 디렉토리 [D:\KSW\koreaITSelf\ajax\ajaxapache\webapps\manager]에 대한 배치가 [17] 밀리초에 완료되었습니다.
04-May-2021 15:19:10.593 정보 [main] org.apache.catalina.startup.HostConfig.deployDirectory 웹 애플리케이션 디렉토리 [D:\KSW\koreaITSelf\ajax\ajaxapache\webapps\ROOT]을(를) 배치합니다.
04-May-2021 15:19:10.608 정보 [main] org.apache.catalina.startup.HostConfig.deployDirectory 웹 애플리케이션 디렉토리 [D:\KSW\koreaITSelf\ajax\ajaxapache\webapps\ROOT]에 대한 배치가 [15] 밀리초에 완료되었습니다.
04-May-2021 15:19:10.611 정보 [main] org.apache.coyote.AbstractProtocol.start 프로토콜 핸들러 ["http-nio-8080"]을(를) 시작합니다.
04-May-2021 15:19:10.617 정보 [main] org.apache.catalina.startup.Catalina.start 서버가 [636] 밀리초 내에 시작되었습니다.
04-May-2021 15:25:08.759 정보 [main] org.apache.catalina.startup.VersionLoggerListener.log 서버 버전 이름:    Apache Tomcat/9.0.45
04-May-2021 15:25:08.762 정보 [main] org.apache.catalina.startup.VersionLoggerListener.log Server 빌드 시각:  Mar 30 2021 10:29:04 UTC
04-May-2021 15:25:08.762 정보 [main] org.apache.catalina.startup.VersionLoggerListener.log Server 버전 번호:  9.0.45.0
04-May-2021 15:25:08.762 정보 [main] org.apache.catalina.startup.VersionLoggerListener.log 운영체제 이름:     Windows 10
04-May-2021 15:25:08.762 정보 [main] org.apache.catalina.startup.VersionLoggerListener.log 운영체제 버전:     10.0
04-May-2021 15:25:08.762 정보 [main] org.apache.catalina.startup.VersionLoggerListener.log 아키텍처:          amd64
04-May-2021 15:25:08.763 정보 [main] org.apache.catalina.startup.VersionLoggerListener.log 자바 홈:           C:\Program Files\Java\jdk1.8.0_281\jre
04-May-2021 15:25:08.763 정보 [main] org.apache.catalina.startup.VersionLoggerListener.log JVM 버전:          1.8.0_281-b09
04-May-2021 15:25:08.763 정보 [main] org.apache.catalina.startup.VersionLoggerListener.log JVM 벤더:          Oracle Corporation
04-May-2021 15:25:08.763 정보 [main] org.apache.catalina.startup.VersionLoggerListener.log CATALINA_BASE:     D:\KSW\koreaITSelf\ajax\ajaxapache
04-May-2021 15:25:08.763 정보 [main] org.apache.catalina.startup.VersionLoggerListener.log CATALINA_HOME:     D:\KSW\koreaITSelf\ajax\ajaxapache
04-May-2021 15:25:08.764 정보 [main] org.apache.catalina.startup.VersionLoggerListener.log 명령 행 아규먼트:  -Djava.util.logging.config.file=D:\KSW\koreaITSelf\ajax\ajaxapache\conf\logging.properties
04-May-2021 15:25:08.764 정보 [main] org.apache.catalina.startup.VersionLoggerListener.log 명령 행 아규먼트:  -Djava.util.logging.manager=org.apache.juli.ClassLoaderLogManager
04-May-2021 15:25:08.764 정보 [main] org.apache.catalina.startup.VersionLoggerListener.log 명령 행 아규먼트:  -Djdk.tls.ephemeralDHKeySize=2048
04-May-2021 15:25:08.767 정보 [main] org.apache.catalina.startup.VersionLoggerListener.log 명령 행 아규먼트:  -Djava.protocol.handler.pkgs=org.apache.catalina.webresources
04-May-2021 15:25:08.768 정보 [main] org.apache.catalina.startup.VersionLoggerListener.log 명령 행 아규먼트:  -Dignore.endorsed.dirs=
04-May-2021 15:25:08.768 정보 [main] org.apache.catalina.startup.VersionLoggerListener.log 명령 행 아규먼트:  -Dcatalina.base=D:\KSW\koreaITSelf\ajax\ajaxapache
04-May-2021 15:25:08.769 정보 [main] org.apache.catalina.startup.VersionLoggerListener.log 명령 행 아규먼트:  -Dcatalina.home=D:\KSW\koreaITSelf\ajax\ajaxapache
04-May-2021 15:25:08.769 정보 [main] org.apache.catalina.startup.VersionLoggerListener.log 명령 행 아규먼트:  -Djava.io.tmpdir=D:\KSW\koreaITSelf\ajax\ajaxapache\temp
04-May-2021 15:25:08.773 정보 [main] org.apache.catalina.core.AprLifecycleListener.lifecycleEvent 프로덕션 환경들에서 최적의 성능을 제공하는, APR 기반 Apache Tomcat Native 라이브러리가, 다음 java.library.path에서 발견되지 않습니다: [C:\Program Files\Java\jdk1.8.0_281\bin;C:\WINDOWS\Sun\Java\bin;C:\WINDOWS\system32;C:\WINDOWS;C:\Program Files\AdoptOpenJDK\jdk-11.0.10.9-hotspot\bin;C:\Program Files\Java\jdk1.8.0_281\bin;C:\Program Files (x86)\Common Files\Oracle\Java\javapath;C:\WINDOWS\system32;C:\WINDOWS;C:\WINDOWS\System32\Wbem;C:\WINDOWS\System32\WindowsPowerShell\v1.0\;C:\WINDOWS\System32\OpenSSH\;C:\Program Files\dotnet\;C:\Program Files\Git\cmd;C:\Program Files\MariaDB\MariaDB Connector C 64-bit\lib\;C:\Program Files\MariaDB\MariaDB Connector C 64-bit\lib\plugin\;C:\Users\Administrator\AppData\Local\Programs\Python\Python38-32\Scripts\;C:\Users\Administrator\AppData\Local\Programs\Python\Python38-32\;C:\Users\Administrator\AppData\Local\Programs\Python\Python39\Scripts\;C:\Users\Administrator\AppData\Local\Programs\Python\Python39\;C:\Users\Administrator\AppData\Local\Microsoft\WindowsApps;C:\Users\Administrator\.dotnet\tools;C:\Program Files\Bandizip\;C:\Users\Administrator\AppData\Local\Programs\Microsoft VS Code\bin;C:\Program Files\MariaDB 10.5\bin;;.]
04-May-2021 15:25:08.983 정보 [main] org.apache.coyote.AbstractProtocol.init 프로토콜 핸들러 ["http-nio-8080"]을(를) 초기화합니다.
04-May-2021 15:25:09.064 정보 [main] org.apache.catalina.startup.Catalina.load [435] 밀리초 내에 서버가 초기화되었습니다.
04-May-2021 15:25:09.080 정보 [main] org.apache.catalina.core.StandardService.startInternal 서비스 [Catalina]을(를) 시작합니다.
04-May-2021 15:25:09.081 정보 [main] org.apache.catalina.core.StandardEngine.startInternal 서버 엔진을 시작합니다: [Apache Tomcat/9.0.45]
04-May-2021 15:25:09.086 정보 [main] org.apache.catalina.startup.HostConfig.deployDirectory 웹 애플리케이션 디렉토리 [D:\KSW\koreaITSelf\ajax\ajaxapache\webapps\ajax]을(를) 배치합니다.
04-May-2021 15:25:09.228 정보 [main] org.apache.catalina.startup.HostConfig.deployDirectory 웹 애플리케이션 디렉토리 [D:\KSW\koreaITSelf\ajax\ajaxapache\webapps\ajax]에 대한 배치가 [141] 밀리초에 완료되었습니다.
04-May-2021 15:25:09.231 정보 [main] org.apache.catalina.startup.HostConfig.deployDirectory 웹 애플리케이션 디렉토리 [D:\KSW\koreaITSelf\ajax\ajaxapache\webapps\docs]을(를) 배치합니다.
04-May-2021 15:25:09.245 정보 [main] org.apache.catalina.startup.HostConfig.deployDirectory 웹 애플리케이션 디렉토리 [D:\KSW\koreaITSelf\ajax\ajaxapache\webapps\docs]에 대한 배치가 [14] 밀리초에 완료되었습니다.
04-May-2021 15:25:09.246 정보 [main] org.apache.catalina.startup.HostConfig.deployDirectory 웹 애플리케이션 디렉토리 [D:\KSW\koreaITSelf\ajax\ajaxapache\webapps\examples]을(를) 배치합니다.
04-May-2021 15:25:09.428 정보 [main] org.apache.catalina.startup.HostConfig.deployDirectory 웹 애플리케이션 디렉토리 [D:\KSW\koreaITSelf\ajax\ajaxapache\webapps\examples]에 대한 배치가 [182] 밀리초에 완료되었습니다.
04-May-2021 15:25:09.429 정보 [main] org.apache.catalina.startup.HostConfig.deployDirectory 웹 애플리케이션 디렉토리 [D:\KSW\koreaITSelf\ajax\ajaxapache\webapps\host-manager]을(를) 배치합니다.
04-May-2021 15:25:09.449 정보 [main] org.apache.catalina.startup.HostConfig.deployDirectory 웹 애플리케이션 디렉토리 [D:\KSW\koreaITSelf\ajax\ajaxapache\webapps\host-manager]에 대한 배치가 [19] 밀리초에 완료되었습니다.
04-May-2021 15:25:09.451 정보 [main] org.apache.catalina.startup.HostConfig.deployDirectory 웹 애플리케이션 디렉토리 [D:\KSW\koreaITSelf\ajax\ajaxapache\webapps\manager]을(를) 배치합니다.
04-May-2021 15:25:09.466 정보 [main] org.apache.catalina.startup.HostConfig.deployDirectory 웹 애플리케이션 디렉토리 [D:\KSW\koreaITSelf\ajax\ajaxapache\webapps\manager]에 대한 배치가 [15] 밀리초에 완료되었습니다.
04-May-2021 15:25:09.470 정보 [main] org.apache.catalina.startup.HostConfig.deployDirectory 웹 애플리케이션 디렉토리 [D:\KSW\koreaITSelf\ajax\ajaxapache\webapps\ROOT]을(를) 배치합니다.
04-May-2021 15:25:09.480 정보 [main] org.apache.catalina.startup.HostConfig.deployDirectory 웹 애플리케이션 디렉토리 [D:\KSW\koreaITSelf\ajax\ajaxapache\webapps\ROOT]에 대한 배치가 [10] 밀리초에 완료되었습니다.
04-May-2021 15:25:09.485 정보 [main] org.apache.coyote.AbstractProtocol.start 프로토콜 핸들러 ["http-nio-8080"]을(를) 시작합니다.
04-May-2021 15:25:09.491 정보 [main] org.apache.catalina.startup.Catalina.start 서버가 [425] 밀리초 내에 시작되었습니다.
